<?xml version="1.0" encoding="UTF-8"?>
<testng-results skipped="0" failed="0" ignored="0" total="2" passed="2">
  <reporter-output>
  </reporter-output>
  <suite name="Suite" duration-ms="25974" started-at="2023-03-12T20:48:06 PDT" finished-at="2023-03-12T20:48:32 PDT">
    <groups>
    </groups>
    <test name="Test" duration-ms="25974" started-at="2023-03-12T20:48:06 PDT" finished-at="2023-03-12T20:48:32 PDT">
      <class name="MouseHoverActions.RightClickDoubleClick">
        <test-method status="PASS" signature="setup()[pri:0, instance:MouseHoverActions.RightClickDoubleClick@520a3426]" name="setup" is-config="true" duration-ms="7146" started-at="2023-03-12T20:48:06 PDT" finished-at="2023-03-12T20:48:13 PDT">
          <reporter-output>
          </reporter-output>
        </test-method> <!-- setup -->
        <test-method status="PASS" signature="doubleLCickTest()[pri:0, instance:MouseHoverActions.RightClickDoubleClick@520a3426]" name="doubleLCickTest" duration-ms="10770" started-at="2023-03-12T20:48:13 PDT" finished-at="2023-03-12T20:48:24 PDT">
          <reporter-output>
          </reporter-output>
        </test-method> <!-- doubleLCickTest -->
        <test-method status="PASS" signature="rightLCickTest()[pri:0, instance:MouseHoverActions.RightClickDoubleClick@520a3426]" name="rightLCickTest" duration-ms="2320" started-at="2023-03-12T20:48:24 PDT" finished-at="2023-03-12T20:48:26 PDT">
          <reporter-output>
          </reporter-output>
        </test-method> <!-- rightLCickTest -->
        <test-method status="PASS" signature="teardown()[pri:0, instance:MouseHoverActions.RightClickDoubleClick@520a3426]" name="teardown" is-config="true" duration-ms="5655" started-at="2023-03-12T20:48:26 PDT" finished-at="2023-03-12T20:48:32 PDT">
          <reporter-output>
          </reporter-output>
        </test-method> <!-- teardown -->
      </class> <!-- MouseHoverActions.RightClickDoubleClick -->
    </test> <!-- Test -->
  </suite> <!-- Suite -->
</testng-results>
