<?xml version="1.0" encoding="UTF-8"?>
<testng-results skipped="0" failed="0" total="1" passed="1">
  <reporter-output>
  </reporter-output>
  <suite name="Default suite" duration-ms="12299" started-at="2023-03-02T05:05:08Z" finished-at="2023-03-02T05:05:20Z">
    <groups>
    </groups>
    <test name="Default test" duration-ms="12299" started-at="2023-03-02T05:05:08Z" finished-at="2023-03-02T05:05:20Z">
      <class name="MouseHoverActions.DragDropExample">
        <test-method status="PASS" signature="setup()[pri:0, instance:MouseHoverActions.DragDropExample@343f4d3d]" name="setup" is-config="true" duration-ms="7057" started-at="2023-03-01T21:05:08Z" finished-at="2023-03-01T21:05:15Z">
          <reporter-output>
          </reporter-output>
        </test-method> <!-- setup -->
        <test-method status="PASS" signature="dragDropTest()[pri:0, instance:MouseHoverActions.DragDropExample@343f4d3d]" name="dragDropTest" duration-ms="420" started-at="2023-03-01T21:05:15Z" finished-at="2023-03-01T21:05:15Z">
          <reporter-output>
          </reporter-output>
        </test-method> <!-- dragDropTest -->
        <test-method status="PASS" signature="teardown()[pri:0, instance:MouseHoverActions.DragDropExample@343f4d3d]" name="teardown" is-config="true" duration-ms="4805" started-at="2023-03-01T21:05:15Z" finished-at="2023-03-01T21:05:20Z">
          <reporter-output>
          </reporter-output>
        </test-method> <!-- teardown -->
      </class> <!-- MouseHoverActions.DragDropExample -->
    </test> <!-- Default test -->
  </suite> <!-- Default suite -->
</testng-results>
